=~=~=~=~=~=~=~=~=~=~=~= PuTTY log 2019.03.02 01:00:42 =~=~=~=~=~=~=~=~=~=~=~=
login as: zh
zh@192.168.1.3's password: 
Welcome to Ubuntu 16.04.6 LTS (GNU/Linux 4.15.0-45-generic x86_64)

 * Documentation:  https://help.ubuntu.com
 * Management:     https://landscape.canonical.com
 * Support:        https://ubuntu.com/advantage

3 packages can be updated.
0 updates are security updates.

New release '18.04.2 LTS' available.
Run 'do-release-upgrade' to upgrade to it.

Last login: Fri Mar  1 08:59:26 2019 from 192.168.1.2
mount /dev/sdb1 ...
spawn /usr/bin/sudo /bin/mount /dev/sdb1 /sdb/
[sudo] password for zh: 
spawn: command not found
couldn't read file " password for zh:": no such file or directory
The program 'send' can be found in the following packages:
 * mailutils-mh
 * nmh
Try: sudo apt install <selected package>
interact: command not found
couldn't read file "eof": no such file or directory
zh@ubuntu:~$ ls /etsdb/build/
bazel-0.5.4-installer-linux-x86_64.sh  tensorflow/
data_model/                            tensorflow_test/
zh@ubuntu:~$ ls /sdb/build/
bazel-0.5.4-installer-linux-x86_64.sh  data_model  tensorflow  tensorflow_test
zh@ubuntu:~$ ls
bin      Documents  examples.desktop  Pictures  Templates
Desktop  Downloads  Music             Public    Videos
zh@ubuntu:~$ 